make all --print-data-base --no-builtin-variables --no-builtin-rules --question
make: *** No rule to make target 'all'.  Stop.

# GNU Make 4.3
# Built for arm-apple-darwin21.1.0
# Copyright (C) 1988-2020 Free Software Foundation, Inc.
# License GPLv3+: GNU GPL version 3 or later <http://gnu.org/licenses/gpl.html>
# This is free software: you are free to change and redistribute it.
# There is NO WARRANTY, to the extent permitted by law.

# Make data base, printed on Wed May 11 06:42:57 2022

# Variables

# environment
LC_ALL = C
# makefile (from 'Makefile', line 12)
PROTOBUF_ZIP = protoc-$(PROTOBUF_VERSION)-osx-x86_64.zip
# environment
TMPDIR = /var/folders/rq/86b2x9jx0_9btt86hnrp_7qm0000gn/T/
# environment
XPC_SERVICE_NAME = application.com.microsoft.VSCode.17573896.17573902
# environment
VSCODE_IPC_HOOK_EXTHOST = /var/folders/rq/86b2x9jx0_9btt86hnrp_7qm0000gn/T/vscode-ipc-c77f692a-850b-413d-8238-a2e3d7bac622.sock
# environment
VSCODE_CWD = /
# environment
GPG_TTY = not a tty
# environment
NVM_DIR = /Users/user/.nvm
# default
MAKE_COMMAND := make
# environment
GOPATH = /Users/user/go
# environment
__CFBundleIdentifier = com.microsoft.VSCode
# automatic
@D = $(patsubst %/,%,$(dir $@))
# environment
VSCODE_HANDLES_UNCAUGHT_ERRORS = true
# default
.VARIABLES := 
# environment
COMMAND_MODE = unix2003
# environment
PWD = /Users/user/code/rpc
# automatic
%D = $(patsubst %/,%,$(dir $%))
# environment
LSCOLORS = Gxfxcxdxbxegedabagacad
# environment
OLDPWD = /Users/user/code/rpc
# automatic
^D = $(patsubst %/,%,$(dir $^))
# environment
VSCODE_LOG_STACK = false
# automatic
%F = $(notdir $%)
# environment
VSCODE_CODE_CACHE_PATH = /Users/user/Library/Application Support/Code/CachedData/57fd6d0195bb9b9d1b49f6da5db789060795de47
# environment
MZ_ADDONS = 
# environment
LANG = C
# default
.LOADED := 
# default
.INCLUDE_DIRS = /opt/homebrew/Cellar/make/4.3/include /usr/local/include
# environment
__CF_USER_TEXT_ENCODING = 0x1F5:0x0:0x0
# makefile
MAKEFLAGS = pqrR
# makefile
CURDIR := /Users/user/code/rpc
# makefile (from 'Makefile', line 3)
UNAME := Darwin
# environment
VSCODE_PIPE_LOGGING = true
# environment
APPLICATION_INSIGHTS_NO_DIAGNOSTIC_CHANNEL = true
# automatic
*D = $(patsubst %/,%,$(dir $*))
# environment
MFLAGS = -pqrR
# environment
SSH_AUTH_SOCK = /Users/user/.gnupg/S.gpg-agent.ssh
# default
.SHELLFLAGS := -c
# automatic
+D = $(patsubst %/,%,$(dir $+))
# environment
GPG_KEY = 0x78AC067F75AC1B64
# makefile (from 'Makefile', line 1)
MAKEFILE_LIST := Makefile
# automatic
@F = $(notdir $@)
# environment
ZSH = /Users/user/.oh-my-zsh
# environment
VSCODE_VERBOSE_LOGGING = true
# environment
VSCODE_PID = 39542
# automatic
?D = $(patsubst %/,%,$(dir $?))
# environment
FZF_DEFAULT_COMMAND = rg --files --hidden --glob '!**/.git/*' --glob '!**/node_modules/*'
# makefile (from 'Makefile', line 1)
PROTOBUF_VERSION = 3.19.1
# automatic
*F = $(notdir $*)
# makefile (from 'Makefile', line 2)
PROTOC = protoc
# automatic
<D = $(patsubst %/,%,$(dir $<))
# environment
VSCODE_NLS_CONFIG = {"locale":"en-us","availableLanguages":{},"_languagePackSupport":true}
# default
MAKE_HOST := arm-apple-darwin21.1.0
# makefile
SHELL = /bin/sh
# default
MAKECMDGOALS := all
# environment
SHLVL = 0
# environment
MAKELEVEL := 0
# default
MAKE = $(MAKE_COMMAND)
# makefile (from 'Makefile', line 5)
 
PATH := node_modules/.bin:/usr/local/include/:protoc3/bin:/Users/user/code/.files/gpg-shell:/opt/homebrew/opt/qt/bin:/opt/homebrew/opt/grep/libexec/gnubin:/opt/homebrew/lib/ruby/gems/2.6.0/bin:/opt/homebrew/opt/ruby/bin:/opt/homebrew/bin:/opt/homebrew/sbin:/opt/homebrew/opt/make/libexec/gnubin:/usr/local/bin:/usr/bin:/bin:/usr/sbin:/sbin:/Applications/Little Snitch.app/Contents/Components:/Applications/Wireshark.app/Contents/MacOS:/Users/user/.cargo/bin:/opt/homebrew/bin:/Users/user/.pulumi/bin:/opt/homebrew/bin:/usr/local/bin
# default
MAKEFILES := 
# automatic
^F = $(notdir $^)
# environment
PURSE_SAFE = /Users/user/code/.files/purse-db/safe.gpg
# environment
VSCODE_LOG_NATIVE = false
# automatic
?F = $(notdir $?)
# environment
BREW_BASE = /opt/homebrew
# automatic
+F = $(notdir $+)
# environment
LESS = -R
# environment
ORIGINAL_XDG_CURRENT_DESKTOP = undefined
# 'override' directive
GNUMAKEFLAGS := 
# environment
LOGNAME = user
# environment
XPC_FLAGS = 0x0
# makefile
.DEFAULT_GOAL := install_compiler
# environment
EDITOR = nvim
# environment
USER = user
# default
MAKE_VERSION := 4.3
# 'override' directive
.SHELLSTATUS := 0
# makefile (from 'Makefile', line 4)
PROTO_FILES := 
# environment
PAGER = less
# environment
_ = /opt/homebrew/opt/make/libexec/gnubin/make
# environment
VSCODE_AMD_ENTRYPOINT = vs/workbench/api/node/extensionHostProcess
# environment
HOME = /Users/user
# environment
ELECTRON_RUN_AS_NODE = 1
# environment
VSCODE_IPC_HOOK = /Users/user/Library/Application Support/Code/1.67.0-main.sock
# default
.RECIPEPREFIX := 
# automatic
<F = $(notdir $<)
# default
SUFFIXES := 
# default
.FEATURES := target-specific order-only second-expansion else-if shortest-stem undefine oneshell nocomment grouped-target extra-prereqs archives jobserver output-sync check-symlink load
# environment
ZSH_HIGHLIGHT_HIGHLIGHTERS_DIR = /opt/homebrew/share/zsh-syntax-highlighting/highlighters
# makefile (from 'Makefile', line 8)
LOCAL_ARG = --local --verbose --diagnostics
# variable set hash-table stats:
# Load=88/1024=9%, Rehash=0, Collisions=4/124=3%

# Pattern-specific Variable Values

# No pattern-specific variable values.

# Directories

# src (device 16777231, inode 6574397): 12 files, no impossibilities.
# . (device 16777231, inode 6574313): 23 files, no impossibilities.

# 35 files, no impossibilities in 2 directories.

# Implicit Rules

# No implicit rules.

# Files

install_compiler:
#  Implicit rule search has not been done.
#  Modification time never checked.
#  File has not been updated.
#  recipe to execute (from 'Makefile', line 18):
	@# remove local folder
	rm -rf protoc3 || true
	@# Make sure you grab the latest version
	curl -OL https://github.com/protocolbuffers/protobuf/releases/download/v$(PROTOBUF_VERSION)/$(PROTOBUF_ZIP)
	@# Unzip
	unzip $(PROTOBUF_ZIP) -d protoc3
	@# delete the files
	rm $(PROTOBUF_ZIP)
	@# move protoc to /usr/local/bin/
	chmod +x protoc3/bin/protoc

# Not a target:
Makefile:
#  Implicit rule search has been done.
#  Last modified 2022-05-11 06:42:37.246115738
#  File has been updated.
#  Successfully updated.

# Not a target:
.DEFAULT:
#  Implicit rule search has not been done.
#  Modification time never checked.
#  File has not been updated.

# Not a target:
all:
#  Command line target.
 
#  Implicit rule search has been done.
#  File does not exist.
#  File has not been updated.

build:
#  Phony target (prerequisite of .PHONY).
#  Implicit rule search has not been done.
#  File does not exist.
#  File has not been updated.
#  recipe to execute (from 'Makefile', line 47):
	node_modules/.bin/ts-node scripts/generate-proto-file.ts
	@rm -rf dist || true
	@mkdir -p dist
	${PROTOC} \
		--plugin=./node_modules/.bin/protoc-gen-ts_proto \
		--ts_proto_opt=esModuleInterop=true \
		--ts_proto_out="$(PWD)/src/protocol" \
		-I="$(PWD)/src/protocol" \
		"$(PWD)/src/protocol/index.proto"
	@cp -r src/protocol dist/protocol
	./node_modules/.bin/tsc -p tsconfig.json
	rm -rf node_modules/@microsoft/api-extractor/node_modules/typescript || true
	./node_modules/.bin/api-extractor run $(LOCAL_ARG) --typescript-compiler-folder ./node_modules/typescript

test:
#  Phony target (prerequisite of .PHONY).
#  Implicit rule search has not been done.
#  File does not exist.
#  File has not been updated.
#  recipe to execute (from 'Makefile', line 37):
	${PROTOC} "--js_out=binary,import_style=commonjs_strict:$(PWD)/test/codegen" \
		--ts_out="$(PWD)/test/codegen" \
		-I="$(PWD)/test/codegen" \
		"$(PWD)/test/codegen/client.proto"
	node_modules/.bin/jest --detectOpenHandles --colors --runInBand $(TESTARGS) --coverage $(TEST_FILE)

cheap-perf:
#  Phony target (prerequisite of .PHONY).
#  Implicit rule search has not been done.
#  File does not exist.
#  File has not been updated.
#  recipe to execute (from 'Makefile', line 62):
	@time node_modules/.bin/ts-node test/bench.ts

install: install_compiler
#  Implicit rule search has not been done.
#  Modification time never checked.
#  File has not been updated.
#  recipe to execute (from 'Makefile', line 33):
	npm install
	npm i -D ts-protoc-gen

test-watch:
#  Implicit rule search has not been done.
#  Modification time never checked.
#  File has not been updated.
#  recipe to execute (from 'Makefile', line 44):
	node_modules/.bin/jest --detectOpenHandles --colors --runInBand --watch $(TESTARGS) --coverage

.PHONY: build test cheap-perf
#  Implicit rule search has not been done.
#  Modification time never checked.
#  File has not been updated.

# files hash-table stats:
# Load=11/1024=1%, Rehash=0, Collisions=0/25=0%
# VPATH Search Paths

# No 'vpath' search paths.

# No general ('VPATH' variable) search path.

# strcache buffers: 1 (0) / strings = 44 / storage = 465 B / avg = 10 B
# current buf: size = 8162 B / used = 465 B / count = 44 / avg = 10 B

# strcache performance: lookups = 62 / hit rate = 29%
# hash-table stats:
# Load=44/8192=1%, Rehash=0, Collisions=0/62=0%
# Finished Make data base on Wed May 11 06:42:57 2022

 
